<?xml version="1.0" encoding="UTF-8"?>
<!-- Generated by org.testng.reporters.JUnitReportReporter -->
<testsuite skipped="0" hostname="MST-PC" name="demo2.test.web.Grid" tests="2" failures="0" timestamp="16 May 2017 05:44:26 GMT" time="1.937" errors="0">
  <testcase name="testWebApp" time="1.405" classname="demo2.test.web.Grid"/>
  <testcase name="testWebApp" time="0.532" classname="demo2.test.web.Grid"/>
</testsuite> <!-- demo2.test.web.Grid -->
